
optiboot_atmega328.elf:     file format elf32-avr

Sections:
Idx Name          Size      VMA       LMA       File off  Algn
  0 .data         00000000  00800100  00007fe2  00000256  2**0
                  CONTENTS, ALLOC, LOAD, DATA
  1 .text         000001e2  00007e00  00007e00  00000074  2**1
                  CONTENTS, ALLOC, LOAD, READONLY, CODE
  2 .version      00000002  00007ffe  00007ffe  00000256  2**0
                  CONTENTS, READONLY
  3 .debug_aranges 00000028  00000000  00000000  00000258  2**0
                  CONTENTS, READONLY, DEBUGGING
  4 .debug_info   00000290  00000000  00000000  00000280  2**0
                  CONTENTS, READONLY, DEBUGGING
  5 .debug_abbrev 00000176  00000000  00000000  00000510  2**0
                  CONTENTS, READONLY, DEBUGGING
  6 .debug_line   00000192  00000000  00000000  00000686  2**0
                  CONTENTS, READONLY, DEBUGGING
  7 .debug_frame  00000094  00000000  00000000  00000818  2**2
                  CONTENTS, READONLY, DEBUGGING
  8 .debug_str    00000121  00000000  00000000  000008ac  2**0
                  CONTENTS, READONLY, DEBUGGING
  9 .debug_loc    0000026e  00000000  00000000  000009cd  2**0
                  CONTENTS, READONLY, DEBUGGING
 10 .debug_ranges 00000048  00000000  00000000  00000c3b  2**0
                  CONTENTS, READONLY, DEBUGGING

Disassembly of section .text:

00007e00 <main>:
# define UART_SRL UBRR3L
# define UART_UDR UDR3
#endif

/* main program starts here */
int main(void) {
    7e00:	0f 92       	push	r0
    7e02:	cd b7       	in	r28, 0x3d	; 61
    7e04:	de b7       	in	r29, 0x3e	; 62
  //  SP points to RAMEND
  //  r1 contains zero
  //
  // If not, uncomment the following instructions:
  // cli();
  asm volatile ("clr __zero_reg__");
    7e06:	11 24       	eor	r1, r1
#if defined(__AVR_ATmega8__) || defined (__AVR_ATmega32__)
  SP=RAMEND;  // This is done by hardware reset
#endif

  // Adaboot no-wait mod
  ch = MCUSR;
    7e08:	84 b7       	in	r24, 0x34	; 52
  MCUSR = 0;
    7e0a:	14 be       	out	0x34, r1	; 52
  if (!(ch & _BV(EXTRF))) appStart(ch);
    7e0c:	81 ff       	sbrs	r24, 1
    7e0e:	e3 d0       	rcall	.+454    	; 0x7fd6 <appStart>

#if LED_START_FLASHES > 0
  // Set up Timer 1 for timeout counter
  TCCR1B = _BV(CS12) | _BV(CS10); // div 1024
    7e10:	85 e0       	ldi	r24, 0x05	; 5
    7e12:	80 93 81 00 	sts	0x0081, r24
  UCSRA = _BV(U2X); //Double speed mode USART
  UCSRB = _BV(RXEN) | _BV(TXEN);  // enable Rx & Tx
  UCSRC = _BV(URSEL) | _BV(UCSZ1) | _BV(UCSZ0);  // config USART; 8N1
  UBRRL = (uint8_t)( (F_CPU + BAUD_RATE * 4L) / (BAUD_RATE * 8L) - 1 );
#else
  UART_SRA = _BV(U2X0); //Double speed mode USART0
    7e16:	82 e0       	ldi	r24, 0x02	; 2
    7e18:	80 93 c0 00 	sts	0x00C0, r24
  UART_SRB = _BV(RXEN0) | _BV(TXEN0);
    7e1c:	88 e1       	ldi	r24, 0x18	; 24
    7e1e:	80 93 c1 00 	sts	0x00C1, r24
  UART_SRC = _BV(UCSZ00) | _BV(UCSZ01);
    7e22:	86 e0       	ldi	r24, 0x06	; 6
    7e24:	80 93 c2 00 	sts	0x00C2, r24
  UART_SRL = (uint8_t)( (F_CPU + BAUD_RATE * 4L) / (BAUD_RATE * 8L) - 1 );
    7e28:	80 e1       	ldi	r24, 0x10	; 16
    7e2a:	80 93 c4 00 	sts	0x00C4, r24
#endif
#endif

  // Set up watchdog to trigger after 500ms
  watchdogConfig(WATCHDOG_1S);
    7e2e:	8e e0       	ldi	r24, 0x0E	; 14
    7e30:	bc d0       	rcall	.+376    	; 0x7faa <watchdogConfig>

#if (LED_START_FLASHES > 0) || defined(LED_DATA_FLASH)
  /* Set LED pin as output */
  LED_DDR |= _BV(LED);
    7e32:	25 9a       	sbi	0x04, 5	; 4
    7e34:	26 e0       	ldi	r18, 0x06	; 6
}

#if LED_START_FLASHES > 0
void flash_led(uint8_t count) {
  do {
    TCNT1 = -(F_CPU/(1024*16));
    7e36:	80 e3       	ldi	r24, 0x30	; 48
    7e38:	9c ef       	ldi	r25, 0xFC	; 252
    TIFR1 = _BV(TOV1);
    7e3a:	31 e0       	ldi	r19, 0x01	; 1
}

#if LED_START_FLASHES > 0
void flash_led(uint8_t count) {
  do {
    TCNT1 = -(F_CPU/(1024*16));
    7e3c:	90 93 85 00 	sts	0x0085, r25
    7e40:	80 93 84 00 	sts	0x0084, r24
    TIFR1 = _BV(TOV1);
    7e44:	36 bb       	out	0x16, r19	; 22
    while(!(TIFR1 & _BV(TOV1)));
    7e46:	b0 9b       	sbis	0x16, 0	; 22
    7e48:	fe cf       	rjmp	.-4      	; 0x7e46 <main+0x46>
#if defined(__AVR_ATmega8__)  || defined (__AVR_ATmega32__)
    LED_PORT ^= _BV(LED);
#else
    LED_PIN |= _BV(LED);
    7e4a:	1d 9a       	sbi	0x03, 5	; 3
}
#endif

// Watchdog functions. These are only safe with interrupts turned off.
void watchdogReset() {
  __asm__ __volatile__ (
    7e4c:	a8 95       	wdr
    7e4e:	21 50       	subi	r18, 0x01	; 1
    LED_PORT ^= _BV(LED);
#else
    LED_PIN |= _BV(LED);
#endif
    watchdogReset();
  } while (--count);
    7e50:	a9 f7       	brne	.-22     	; 0x7e3c <main+0x3c>
    7e52:	00 e0       	ldi	r16, 0x00	; 0
    7e54:	10 e0       	ldi	r17, 0x00	; 0
      ch = SPM_PAGESIZE / 2;
      do {
        uint16_t a;
        a = *bufPtr++;
        a |= (*bufPtr++) << 8;
        __boot_page_fill_short((uint16_t)(void*)addrPtr,a);
    7e56:	ee 24       	eor	r14, r14
    7e58:	e3 94       	inc	r14
        addrPtr += 2;
      } while (--ch);

      // Write from programming buffer
      __boot_page_write_short((uint16_t)(void*)address);
    7e5a:	e5 e0       	ldi	r30, 0x05	; 5
    7e5c:	de 2e       	mov	r13, r30
      boot_spm_busy_wait();

#if defined(RWWSRE)
      // Reenable read access to flash
      boot_rww_enable();
    7e5e:	f1 e1       	ldi	r31, 0x11	; 17
    7e60:	cf 2e       	mov	r12, r31

      // If we are in NRWW section, page erase has to be delayed until now.
      // Todo: Take RAMPZ into account (not doing so just means that we will
      //  treat the top of both "pages" of flash as NRWW, for a slight speed
      //  decrease, so fixing this is not urgent.)
      if (address >= NRWWSTART) __boot_page_erase_short((uint16_t)(void*)address);
    7e62:	a3 e0       	ldi	r26, 0x03	; 3
    7e64:	fa 2e       	mov	r15, r26
#endif

  /* Forever loop */
  for (;;) {
    /* get character from UART */
    ch = getch();
    7e66:	95 d0       	rcall	.+298    	; 0x7f92 <getch>

    if(ch == STK_GET_PARAMETER) {
    7e68:	81 34       	cpi	r24, 0x41	; 65
    7e6a:	69 f4       	brne	.+26     	; 0x7e86 <main+0x86>
      unsigned char which = getch();
    7e6c:	92 d0       	rcall	.+292    	; 0x7f92 <getch>
      verifySpace();
    7e6e:	89 83       	std	Y+1, r24	; 0x01
    7e70:	a2 d0       	rcall	.+324    	; 0x7fb6 <verifySpace>
      if (which == 0x82) {
    7e72:	89 81       	ldd	r24, Y+1	; 0x01
    7e74:	82 38       	cpi	r24, 0x82	; 130
    7e76:	19 f1       	breq	.+70     	; 0x7ebe <main+0xbe>
	/*
	 * Send optiboot version as "minor SW version"
	 */
	putch(OPTIBOOT_MINVER);
      } else if (which == 0x81) {
    7e78:	81 38       	cpi	r24, 0x81	; 129
    7e7a:	11 f4       	brne	.+4      	; 0x7e80 <main+0x80>
	  putch(OPTIBOOT_MAJVER);
    7e7c:	85 e0       	ldi	r24, 0x05	; 5
    7e7e:	01 c0       	rjmp	.+2      	; 0x7e82 <main+0x82>
      } else {
	/*
	 * GET PARAMETER returns a generic 0x03 reply for
         * other parameters - enough to keep Avrdude happy
	 */
	putch(0x03);
    7e80:	83 e0       	ldi	r24, 0x03	; 3
    7e82:	80 d0       	rcall	.+256    	; 0x7f84 <putch>
    7e84:	7c c0       	rjmp	.+248    	; 0x7f7e <main+0x17e>
      }
    }
    else if(ch == STK_SET_DEVICE) {
    7e86:	82 34       	cpi	r24, 0x42	; 66
    7e88:	11 f4       	brne	.+4      	; 0x7e8e <main+0x8e>
      // SET DEVICE is ignored
      getNch(20);
    7e8a:	84 e1       	ldi	r24, 0x14	; 20
    7e8c:	03 c0       	rjmp	.+6      	; 0x7e94 <main+0x94>
    }
    else if(ch == STK_SET_DEVICE_EXT) {
    7e8e:	85 34       	cpi	r24, 0x45	; 69
    7e90:	19 f4       	brne	.+6      	; 0x7e98 <main+0x98>
      // SET DEVICE EXT is ignored
      getNch(5);
    7e92:	85 e0       	ldi	r24, 0x05	; 5
    7e94:	98 d0       	rcall	.+304    	; 0x7fc6 <verifySpace+0x10>
    7e96:	73 c0       	rjmp	.+230    	; 0x7f7e <main+0x17e>
    }
    else if(ch == STK_LOAD_ADDRESS) {
    7e98:	85 35       	cpi	r24, 0x55	; 85
    7e9a:	69 f4       	brne	.+26     	; 0x7eb6 <main+0xb6>
      // LOAD ADDRESS
      uint16_t newAddress;
      newAddress = getch();
    7e9c:	7a d0       	rcall	.+244    	; 0x7f92 <getch>
    7e9e:	88 2e       	mov	r8, r24
    7ea0:	99 24       	eor	r9, r9
      newAddress = (newAddress & 0xff) | (getch() << 8);
    7ea2:	77 d0       	rcall	.+238    	; 0x7f92 <getch>
    7ea4:	08 2f       	mov	r16, r24
    7ea6:	10 e0       	ldi	r17, 0x00	; 0
    7ea8:	10 2f       	mov	r17, r16
    7eaa:	00 27       	eor	r16, r16
    7eac:	08 29       	or	r16, r8
    7eae:	19 29       	or	r17, r9
#ifdef RAMPZ
      // Transfer top bit to RAMPZ
      RAMPZ = (newAddress & 0x8000) ? 1 : 0;
#endif
      newAddress += newAddress; // Convert from word address to byte address
    7eb0:	00 0f       	add	r16, r16
    7eb2:	11 1f       	adc	r17, r17
    7eb4:	63 c0       	rjmp	.+198    	; 0x7f7c <main+0x17c>
      address = newAddress;
      verifySpace();
    }
    else if(ch == STK_UNIVERSAL) {
    7eb6:	86 35       	cpi	r24, 0x56	; 86
    7eb8:	21 f4       	brne	.+8      	; 0x7ec2 <main+0xc2>
      // UNIVERSAL command is ignored
      getNch(4);
    7eba:	84 e0       	ldi	r24, 0x04	; 4
    7ebc:	84 d0       	rcall	.+264    	; 0x7fc6 <verifySpace+0x10>
      putch(0x00);
    7ebe:	80 e0       	ldi	r24, 0x00	; 0
    7ec0:	e0 cf       	rjmp	.-64     	; 0x7e82 <main+0x82>
    }
    /* Write memory, length is big endian and is in bytes */
    else if(ch == STK_PROG_PAGE) {
    7ec2:	84 36       	cpi	r24, 0x64	; 100
    7ec4:	09 f0       	breq	.+2      	; 0x7ec8 <main+0xc8>
    7ec6:	3f c0       	rjmp	.+126    	; 0x7f46 <main+0x146>
      // PROGRAM PAGE - we support flash programming only, not EEPROM
      uint8_t *bufPtr;
      uint16_t addrPtr;

      getch();			/* getlen() */
    7ec8:	64 d0       	rcall	.+200    	; 0x7f92 <getch>
      length = getch();
    7eca:	63 d0       	rcall	.+198    	; 0x7f92 <getch>
    7ecc:	b8 2e       	mov	r11, r24
      getch();
    7ece:	61 d0       	rcall	.+194    	; 0x7f92 <getch>

      // If we are in RWW section, immediately start page erase
      if (address < NRWWSTART) __boot_page_erase_short((uint16_t)(void*)address);
    7ed0:	80 e7       	ldi	r24, 0x70	; 112
    7ed2:	00 30       	cpi	r16, 0x00	; 0
    7ed4:	18 07       	cpc	r17, r24
    7ed6:	18 f4       	brcc	.+6      	; 0x7ede <main+0xde>
    7ed8:	f8 01       	movw	r30, r16
    7eda:	f7 be       	out	0x37, r15	; 55
    7edc:	e8 95       	spm
    7ede:	81 2c       	mov	r8, r1
    7ee0:	51 e0       	ldi	r21, 0x01	; 1
    7ee2:	95 2e       	mov	r9, r21

      // While that is going on, read in page contents
      bufPtr = buff;
      do *bufPtr++ = getch();
    7ee4:	56 d0       	rcall	.+172    	; 0x7f92 <getch>
    7ee6:	f4 01       	movw	r30, r8
    7ee8:	81 93       	st	Z+, r24
    7eea:	4f 01       	movw	r8, r30
      while (--length);
    7eec:	be 16       	cp	r11, r30
    7eee:	d1 f7       	brne	.-12     	; 0x7ee4 <main+0xe4>

      // If we are in NRWW section, page erase has to be delayed until now.
      // Todo: Take RAMPZ into account (not doing so just means that we will
      //  treat the top of both "pages" of flash as NRWW, for a slight speed
      //  decrease, so fixing this is not urgent.)
      if (address >= NRWWSTART) __boot_page_erase_short((uint16_t)(void*)address);
    7ef0:	f0 e7       	ldi	r31, 0x70	; 112
    7ef2:	00 30       	cpi	r16, 0x00	; 0
    7ef4:	1f 07       	cpc	r17, r31
    7ef6:	18 f0       	brcs	.+6      	; 0x7efe <main+0xfe>
    7ef8:	f8 01       	movw	r30, r16
    7efa:	f7 be       	out	0x37, r15	; 55
    7efc:	e8 95       	spm

      // Read command terminator, start reply
      verifySpace();
    7efe:	5b d0       	rcall	.+182    	; 0x7fb6 <verifySpace>

      // If only a partial page is to be programmed, the erase might not be complete.
      // So check that here
      boot_spm_busy_wait();
    7f00:	07 b6       	in	r0, 0x37	; 55
    7f02:	00 fc       	sbrc	r0, 0
    7f04:	fd cf       	rjmp	.-6      	; 0x7f00 <main+0x100>
    7f06:	f8 01       	movw	r30, r16
    7f08:	a0 e0       	ldi	r26, 0x00	; 0
    7f0a:	b1 e0       	ldi	r27, 0x01	; 1
      bufPtr = buff;
      addrPtr = (uint16_t)(void*)address;
      ch = SPM_PAGESIZE / 2;
      do {
        uint16_t a;
        a = *bufPtr++;
    7f0c:	2c 91       	ld	r18, X
    7f0e:	30 e0       	ldi	r19, 0x00	; 0
        a |= (*bufPtr++) << 8;
    7f10:	11 96       	adiw	r26, 0x01	; 1
    7f12:	8c 91       	ld	r24, X
    7f14:	11 97       	sbiw	r26, 0x01	; 1
    7f16:	90 e0       	ldi	r25, 0x00	; 0
    7f18:	98 2f       	mov	r25, r24
    7f1a:	88 27       	eor	r24, r24
    7f1c:	82 2b       	or	r24, r18
    7f1e:	93 2b       	or	r25, r19
# define UART_SRL UBRR3L
# define UART_UDR UDR3
#endif

/* main program starts here */
int main(void) {
    7f20:	12 96       	adiw	r26, 0x02	; 2
      ch = SPM_PAGESIZE / 2;
      do {
        uint16_t a;
        a = *bufPtr++;
        a |= (*bufPtr++) << 8;
        __boot_page_fill_short((uint16_t)(void*)addrPtr,a);
    7f22:	0c 01       	movw	r0, r24
    7f24:	e7 be       	out	0x37, r14	; 55
    7f26:	e8 95       	spm
    7f28:	11 24       	eor	r1, r1
        addrPtr += 2;
    7f2a:	32 96       	adiw	r30, 0x02	; 2
      } while (--ch);
    7f2c:	81 e0       	ldi	r24, 0x01	; 1
    7f2e:	a0 38       	cpi	r26, 0x80	; 128
    7f30:	b8 07       	cpc	r27, r24
    7f32:	61 f7       	brne	.-40     	; 0x7f0c <main+0x10c>

      // Write from programming buffer
      __boot_page_write_short((uint16_t)(void*)address);
    7f34:	f8 01       	movw	r30, r16
    7f36:	d7 be       	out	0x37, r13	; 55
    7f38:	e8 95       	spm
      boot_spm_busy_wait();
    7f3a:	07 b6       	in	r0, 0x37	; 55
    7f3c:	00 fc       	sbrc	r0, 0
    7f3e:	fd cf       	rjmp	.-6      	; 0x7f3a <main+0x13a>

#if defined(RWWSRE)
      // Reenable read access to flash
      boot_rww_enable();
    7f40:	c7 be       	out	0x37, r12	; 55
    7f42:	e8 95       	spm
    7f44:	1c c0       	rjmp	.+56     	; 0x7f7e <main+0x17e>
#endif

    }
    /* Read memory block mode, length is big endian.  */
    else if(ch == STK_READ_PAGE) {
    7f46:	84 37       	cpi	r24, 0x74	; 116
    7f48:	61 f4       	brne	.+24     	; 0x7f62 <main+0x162>
      // READ PAGE - we only read flash
      getch();			/* getlen() */
    7f4a:	23 d0       	rcall	.+70     	; 0x7f92 <getch>
      length = getch();
    7f4c:	22 d0       	rcall	.+68     	; 0x7f92 <getch>
    7f4e:	b8 2e       	mov	r11, r24
      getch();
    7f50:	20 d0       	rcall	.+64     	; 0x7f92 <getch>

      verifySpace();
    7f52:	31 d0       	rcall	.+98     	; 0x7fb6 <verifySpace>
        __asm__ ("elpm %0,Z+\n" : "=r" (ch), "=z" (address): "1" (address));
#else
        // read a Flash byte and increment the address
        __asm__ ("lpm %0,Z+\n" : "=r" (ch), "=z" (address): "1" (address));
#endif
        putch(ch);
    7f54:	f8 01       	movw	r30, r16
    7f56:	85 91       	lpm	r24, Z+
    7f58:	8f 01       	movw	r16, r30
    7f5a:	14 d0       	rcall	.+40     	; 0x7f84 <putch>
      } while (--length);
    7f5c:	ba 94       	dec	r11
    7f5e:	d1 f7       	brne	.-12     	; 0x7f54 <main+0x154>
    7f60:	0e c0       	rjmp	.+28     	; 0x7f7e <main+0x17e>
    }

    /* Get device signature bytes  */
    else if(ch == STK_READ_SIGN) {
    7f62:	85 37       	cpi	r24, 0x75	; 117
    7f64:	39 f4       	brne	.+14     	; 0x7f74 <main+0x174>
      // READ SIGN - return what Avrdude wants to hear
      verifySpace();
    7f66:	27 d0       	rcall	.+78     	; 0x7fb6 <verifySpace>
      putch(SIGNATURE_0);
    7f68:	8e e1       	ldi	r24, 0x1E	; 30
    7f6a:	0c d0       	rcall	.+24     	; 0x7f84 <putch>
      putch(SIGNATURE_1);
    7f6c:	85 e9       	ldi	r24, 0x95	; 149
    7f6e:	0a d0       	rcall	.+20     	; 0x7f84 <putch>
      putch(SIGNATURE_2);
    7f70:	8f e0       	ldi	r24, 0x0F	; 15
    7f72:	87 cf       	rjmp	.-242    	; 0x7e82 <main+0x82>
    }
    else if (ch == STK_LEAVE_PROGMODE) { /* 'Q' */
    7f74:	81 35       	cpi	r24, 0x51	; 81
    7f76:	11 f4       	brne	.+4      	; 0x7f7c <main+0x17c>
      // Adaboot no-wait mod
      watchdogConfig(WATCHDOG_16MS);
    7f78:	88 e0       	ldi	r24, 0x08	; 8
    7f7a:	17 d0       	rcall	.+46     	; 0x7faa <watchdogConfig>
      verifySpace();
    }
    else {
      // This covers the response to commands like STK_ENTER_PROGMODE
      verifySpace();
    7f7c:	1c d0       	rcall	.+56     	; 0x7fb6 <verifySpace>
    }
    putch(STK_OK);
    7f7e:	80 e1       	ldi	r24, 0x10	; 16
    7f80:	01 d0       	rcall	.+2      	; 0x7f84 <putch>
  }
    7f82:	71 cf       	rjmp	.-286    	; 0x7e66 <main+0x66>

00007f84 <putch>:
}

void putch(char ch) {
#ifndef SOFT_UART
  while (!(UART_SRA & _BV(UDRE0)));
    7f84:	90 91 c0 00 	lds	r25, 0x00C0
    7f88:	95 ff       	sbrs	r25, 5
    7f8a:	fc cf       	rjmp	.-8      	; 0x7f84 <putch>
  UART_UDR = ch;
    7f8c:	80 93 c6 00 	sts	0x00C6, r24
      [uartBit] "I" (UART_TX_BIT)
    :
      "r25"
  );
#endif
}
    7f90:	08 95       	ret

00007f92 <getch>:
      [uartBit] "I" (UART_RX_BIT)
    :
      "r25"
);
#else
  while(!(UART_SRA & _BV(RXC0)))
    7f92:	80 91 c0 00 	lds	r24, 0x00C0
    7f96:	87 ff       	sbrs	r24, 7
    7f98:	fc cf       	rjmp	.-8      	; 0x7f92 <getch>
    ;
  if (!(UART_SRA & _BV(FE0))) {
    7f9a:	80 91 c0 00 	lds	r24, 0x00C0
    7f9e:	84 fd       	sbrc	r24, 4
    7fa0:	01 c0       	rjmp	.+2      	; 0x7fa4 <getch+0x12>
}
#endif

// Watchdog functions. These are only safe with interrupts turned off.
void watchdogReset() {
  __asm__ __volatile__ (
    7fa2:	a8 95       	wdr
       * don't care that an invalid char is returned...)
       */
    watchdogReset();
  }
  
  ch = UART_UDR;
    7fa4:	80 91 c6 00 	lds	r24, 0x00C6
  LED_PIN |= _BV(LED);
#endif
#endif

  return ch;
}
    7fa8:	08 95       	ret

00007faa <watchdogConfig>:
    "wdr\n"
  );
}

void watchdogConfig(uint8_t x) {
  WDTCSR = _BV(WDCE) | _BV(WDE);
    7faa:	e0 e6       	ldi	r30, 0x60	; 96
    7fac:	f0 e0       	ldi	r31, 0x00	; 0
    7fae:	98 e1       	ldi	r25, 0x18	; 24
    7fb0:	90 83       	st	Z, r25
  WDTCSR = x;
    7fb2:	80 83       	st	Z, r24
}
    7fb4:	08 95       	ret

00007fb6 <verifySpace>:
  do getch(); while (--count);
  verifySpace();
}

void verifySpace() {
  if (getch() != CRC_EOP) {
    7fb6:	ed df       	rcall	.-38     	; 0x7f92 <getch>
    7fb8:	80 32       	cpi	r24, 0x20	; 32
    7fba:	19 f0       	breq	.+6      	; 0x7fc2 <verifySpace+0xc>
    watchdogConfig(WATCHDOG_16MS);    // shorten WD timeout
    7fbc:	88 e0       	ldi	r24, 0x08	; 8
    7fbe:	f5 df       	rcall	.-22     	; 0x7faa <watchdogConfig>
    7fc0:	ff cf       	rjmp	.-2      	; 0x7fc0 <verifySpace+0xa>
    while (1)			      // and busy-loop so that WD causes
      ;				      //  a reset and app start.
  }
  putch(STK_INSYNC);
    7fc2:	84 e1       	ldi	r24, 0x14	; 20
    7fc4:	df cf       	rjmp	.-66     	; 0x7f84 <putch>
}
    7fc6:	cf 93       	push	r28

00007fc8 <getNch>:
    ::[count] "M" (UART_B_VALUE)
  );
}
#endif

void getNch(uint8_t count) {
    7fc8:	c8 2f       	mov	r28, r24
    7fca:	e3 df       	rcall	.-58     	; 0x7f92 <getch>
  do getch(); while (--count);
    7fcc:	c1 50       	subi	r28, 0x01	; 1
    7fce:	e9 f7       	brne	.-6      	; 0x7fca <getNch+0x2>
    7fd0:	f2 df       	rcall	.-28     	; 0x7fb6 <verifySpace>
  verifySpace();
    7fd2:	cf 91       	pop	r28
}
    7fd4:	08 95       	ret

00007fd6 <appStart>:
    7fd6:	28 2e       	mov	r2, r24

void appStart(uint8_t rstFlags) {
  // save the reset flags in the designated register
  //  This can be saved in a main program by putting code in .init0 (which
  //  executes before normal c init code) to save R2 to a global variable.
  __asm__ __volatile__ ("mov r2, %0\n" :: "r" (rstFlags));
    7fd8:	80 e0       	ldi	r24, 0x00	; 0

  watchdogConfig(WATCHDOG_OFF);
    7fda:	e7 df       	rcall	.-50     	; 0x7faa <watchdogConfig>
    7fdc:	ee 27       	eor	r30, r30
  __asm__ __volatile__ (
    7fde:	ff 27       	eor	r31, r31
    7fe0:	09 94       	ijmp
